-------------------------------------------------------------------------------
Test set: сreateCourier.CreateNewCourierNotLineTest
-------------------------------------------------------------------------------
Tests run: 4, Failures: 1, Errors: 0, Skipped: 0, Time elapsed: 0.444 s <<< FAILURE! - in сreateCourier.CreateNewCourierNotLineTest
createNewCourierVariousParameters{String, String, String}[2]  Time elapsed: 0.141 s  <<< FAILURE!
org.opentest4j.AssertionFailedError: expected: <400> but was: <201>
	at сreateCourier.CreateNewCourierNotLineTest.createNewCourierVariousParameters(CreateNewCourierNotLineTest.java:43)

