-------------------------------------------------------------------------------
Test set: сreateCourier.AddNewCourierTest
-------------------------------------------------------------------------------
Tests run: 2, Failures: 1, Errors: 0, Skipped: 0, Time elapsed: 2.111 s <<< FAILURE! - in сreateCourier.AddNewCourierTest
newCourier  Time elapsed: 0.094 s  <<< FAILURE!
java.lang.AssertionError: expected:<201> but was:<409>
	at сreateCourier.AddNewCourierTest.newCourier(AddNewCourierTest.java:43)

